28
10:40:18am Whilwind POLICY 418174 Applied
10:41:12am Accacia INVENTORY Hardware completed
10:48:43am Accacia POLICY 419023 Applied
10:48:44am Accacia POLICY 419024 Applied
10:48:45am Whirlwind SOFTWAREUPDATES 223 Non-compliant
10:48:46am Accacia POLICY 419102 Applied
10:48:47am Accacia POLICY 419166 Applied
10:51:32am Puppies SOFTWAREUPDATES 221 Compliant
10:52:00am Scissors SOFTWAREUPDATES 223 Compliant
10:54:21am Puppies POLICY 419112 Unapplied
10:56:15am Accacia SOFTWAREUPDATES 222 Non-compliant
10:57:20am Accacia SOFTWAREUPDATES 223 Non-compliant
11:32:01am Porcupine POLICY 419182 Applied
11:32:02am Eucalypt INVENTORY Software completed
11:32:04am Sassafras POLICY 419184 Applied
11:32:04am Sassafras POLICY 419186 Applied
11:32:05am Sassafras POLICY 418777 Unapplied
11:32:47am Boolarra INVENTORY Hardware completed
11:33:11am Jindabyne SOFTWAREUPDATES 223 Non-compliant
11:34:27am Alligator SOFTWAREUPDATES 223 Compliant
11:46:09am Turnip INVENTORY Software interrupted
11:47:45am Sassafras SOFTWAREUPDATES 223 Failed
12:10:04pm Jindabyne SOFTWAREUPDATES 223 Compliant
12:10:20pm Turnip SOFTWAREUPDATES 221 Failed
12:12:21pm Turnip SOFTWAREUPDATES 223 Compliant
12:25:58am Accacia SOFTWAREUPDATES 223 Failed
12:26:22am Accacia SOFTWAREUPDATES 222 Compliant
12:31:04am Whirlwind SOFTWAREUPDATES 223 Compliant